2022-05-19 03:49:17,644 - pyswarms.single.global_best - INFO - Optimize for 100 iters with {'c1': 0.5, 'c2': 0.3, 'w': 0.9}
2022-05-19 03:49:36,024 - pyswarms.single.global_best - INFO - Optimization finished | best cost: -8.293202143244859, best pos: [-0.9751  0.4932  3.9598 -0.2466 -3.2724  0.6596  1.2439  0.2654  0.3248
  0.5233 -0.6749  0.6736 -0.4569  0.8916 -1.7656  1.9498 -3.5385 -0.5256
 -0.0148  2.0318  2.121   1.3441 -1.6867 -1.4625 -2.3354 -0.0486 -0.8193
 -1.4388  0.2257 -0.9817 -3.1102  0.8388 -0.6605 -0.9167 -2.8283  0.117
  2.7668  1.7002 -2.4269 -5.0715  1.4381 -2.3736 -1.7246  0.459  -5.7413
  0.8228  2.374   0.5255 -3.3366 -3.5032 -0.833  -2.3497 -0.0155  0.4079
  5.0813 -1.6315  2.4997  1.5797 -0.9779  1.805   1.214  -0.2984  0.3529
  2.9173 -0.6953  0.4218 -4.3616 -2.2718  0.8016  0.3173 -2.9856  2.2507
 -1.2636  3.0074  0.9645  0.9416 -0.1748 -4.6176  1.5198  0.5561  0.7065
 -3.9013  3.0203  1.0862 -1.7856 -1.4462 -2.6919  0.6918 -1.123  -3.6141
  0.8218 -1.7506 -1.2272  0.7974 -0.3027 -0.1634  3.3973  1.0703 -0.715
 -0.4704 -1.3492  3.2136 -2.2051  2.3599  2.9383  0.3708  6.2427  2.9577
  0.3322  0.0052  3.7533  1.3254  2.928  -0.481  -2.0255  0.9292 -1.0308
 -1.9787 -1.3467  1.9997  0.7108 10.5206  1.2827 -1.5104  0.7552  0.5473
 -1.7337 -0.3473 -1.6081 -0.6328  0.2601 -4.1004  0.7875 -3.6544 -0.3913
  2.2629 -2.9492  0.0817  2.9231  2.7182 -0.1098  1.8004 -2.3074 -3.1071
 -3.3164  1.9225  0.5133  1.9729  1.6603  1.321  -2.0789  0.9709  2.0092
  1.263   0.4115 -0.0541 -0.3577  0.092   1.5507  0.2017 -2.6328  1.8387
  2.274  -0.1679  0.9543 -2.4271  2.7526  4.1316 -0.4966  1.5163 -0.874
 -0.7637  1.2226 -4.7525  0.1077  2.0487 -1.1989  4.7789  0.9625 -0.7349
  1.378  -0.1811 -1.788   1.6189  0.9372 -0.4027  5.1452 -3.2209  0.2276
 -9.7204  1.4294 -1.9336  5.166   2.8662 -2.0646  1.113   0.654   1.411
  1.2062 -0.9631 -0.5866 -1.4111  0.0509 -9.4006  0.429  -1.2713  1.4066
 -1.63    4.3498  0.7562 -3.361   4.2115 -0.3991 -4.6405 -0.5816  1.271
 -4.0866 -4.8149 -1.9149  2.7603 -3.0177  1.0946  1.6168  0.1332  2.6024
 -1.1709 -0.2318 -0.0772  1.7197  1.2752  2.2725 -1.3718 -0.9262  3.193
 -1.9906  4.1871  4.5472 -1.3851 -1.6659 -0.5731]
